[INFO ] 2023-08-29 07:11:37.805 [main] Steps - chrome driver executable path set up
[INFO ] 2023-08-29 07:11:42.287 [main] Steps - Chrome browser launched
[INFO ] 2023-08-29 07:11:42.518 [main] Steps - email adress added
[INFO ] 2023-08-29 07:11:42.667 [main] Steps - password entered
[INFO ] 2023-08-29 07:11:51.232 [main] Steps - Clicked on login
[INFO ] 2023-08-29 07:11:51.360 [main] Steps - Login failed: page title not matched
[INFO ] 2023-08-29 07:11:51.438 [main] Steps - clicked on logout link
[INFO ] 2023-08-29 07:11:56.527 [main] Steps - Login failed: page title not matched
[INFO ] 2023-08-29 07:11:56.541 [main] Steps - Closing browser
[INFO ] 2023-08-29 07:13:54.670 [main] Steps - chrome driver executable path set up
[INFO ] 2023-08-29 07:13:58.954 [main] Steps - Chrome browser launched
[INFO ] 2023-08-29 07:13:59.162 [main] Steps - email adress added
[INFO ] 2023-08-29 07:13:59.305 [main] Steps - password entered
[INFO ] 2023-08-29 07:14:04.547 [main] Steps - Clicked on login
[INFO ] 2023-08-29 07:14:04.667 [main] Steps - Login failed: page title not matched
[INFO ] 2023-08-29 07:14:04.750 [main] Steps - clicked on logout link
[INFO ] 2023-08-29 07:14:10.278 [main] Steps - Login failed: page title not matched
[INFO ] 2023-08-29 07:14:10.295 [main] Steps - Closing browser
[INFO ] 2023-09-24 05:41:59.015 [main] Steps - chrome driver executable path set up
[INFO ] 2023-09-24 05:42:02.503 [main] Steps - Chrome browser launched
[INFO ] 2023-09-24 05:42:02.838 [main] Steps - email adress added
[INFO ] 2023-09-24 05:42:03.005 [main] Steps - password entered
[INFO ] 2023-09-24 05:42:06.904 [main] Steps - Clicked on login
[INFO ] 2023-09-24 05:42:07.022 [main] Steps - Login failed: page title not matched
[INFO ] 2023-09-24 05:42:07.124 [main] Steps - clicked on logout link
[INFO ] 2023-09-24 05:42:12.422 [main] Steps - Login failed: page title not matched
[INFO ] 2023-09-24 05:42:12.437 [main] Steps - Closing browser
[INFO ] 2023-09-24 05:43:42.830 [main] Steps - chrome driver executable path set up
[INFO ] 2023-09-24 05:43:46.208 [main] Steps - Chrome browser launched
[INFO ] 2023-09-24 05:43:46.412 [main] Steps - email adress added
[INFO ] 2023-09-24 05:43:46.558 [main] Steps - password entered
[INFO ] 2023-09-24 05:43:50.201 [main] Steps - Clicked on login
[INFO ] 2023-09-24 05:43:50.204 [main] Steps - Dashboard page opened
[INFO ] 2023-09-24 05:43:53.220 [main] Steps - clicked on customer menu
[INFO ] 2023-09-24 05:43:56.375 [main] Steps - clicked on customer menu item
[INFO ] 2023-09-24 05:43:58.219 [main] Steps - clicked on add button
[INFO ] 2023-09-24 05:44:01.823 [main] Steps - add new customer page opened 
[INFO ] 2023-09-24 05:44:15.697 [main] Steps - customer all information entered Successfully
[INFO ] 2023-09-24 05:44:15.699 [main] Steps - Saving Customer Data
[INFO ] 2023-09-24 05:44:28.036 [main] Steps - Confirmation message viewed
[INFO ] 2023-09-24 05:44:28.038 [main] Steps - Closing browser
[INFO ] 2023-09-24 05:44:29.469 [main] Steps - chrome driver executable path set up
[INFO ] 2023-09-24 05:44:32.661 [main] Steps - Chrome browser launched
[INFO ] 2023-09-24 05:44:32.857 [main] Steps - email adress added
[INFO ] 2023-09-24 05:44:33.005 [main] Steps - password entered
[INFO ] 2023-09-24 05:44:36.726 [main] Steps - Clicked on login
[INFO ] 2023-09-24 05:44:36.728 [main] Steps - Dashboard page opened
[INFO ] 2023-09-24 05:44:39.744 [main] Steps - clicked on customer menu
[INFO ] 2023-09-24 05:44:42.876 [main] Steps - clicked on customer menu item
[INFO ] 2023-09-24 05:44:45.204 [main] Steps - mail entered
[INFO ] 2023-09-24 05:44:47.320 [main] Steps - Clicked on search
[INFO ] 2023-09-24 05:44:47.935 [main] Steps - failed test cases screenshot captured
[INFO ] 2023-09-24 05:44:49.203 [main] Steps - chrome driver executable path set up
[INFO ] 2023-09-24 05:44:53.215 [main] Steps - Chrome browser launched
[INFO ] 2023-09-24 05:44:53.414 [main] Steps - email adress added
[INFO ] 2023-09-24 05:44:53.557 [main] Steps - password entered
[INFO ] 2023-09-24 05:44:58.654 [main] Steps - Clicked on login
[INFO ] 2023-09-24 05:44:58.656 [main] Steps - Dashboard page opened
[INFO ] 2023-09-24 05:45:01.669 [main] Steps - clicked on customer menu
[INFO ] 2023-09-24 05:45:04.848 [main] Steps - clicked on customer menu item
[INFO ] 2023-09-24 05:45:07.293 [main] Steps - First name entered Successfully
[INFO ] 2023-09-24 05:45:09.461 [main] Steps - Last entered Successfully
[INFO ] 2023-09-24 05:45:10.072 [main] Steps - failed test cases screenshot captured
[INFO ] 2023-09-24 05:45:12.067 [main] Steps - chrome driver executable path set up
[INFO ] 2023-09-24 05:45:16.436 [main] Steps - Chrome browser launched
[INFO ] 2023-09-24 05:45:16.940 [main] Steps - email adress added
[INFO ] 2023-09-24 05:45:17.088 [main] Steps - password entered
[INFO ] 2023-09-24 05:45:21.464 [main] Steps - Clicked on login
[INFO ] 2023-09-24 05:45:21.552 [main] Steps - Login failed: page title not matched
[INFO ] 2023-09-24 05:45:21.599 [main] Steps - clicked on logout link
[INFO ] 2023-09-24 05:45:26.507 [main] Steps - Login failed: page title not matched
[INFO ] 2023-09-24 05:45:26.525 [main] Steps - Closing browser
[INFO ] 2023-10-02 04:26:57.990 [main] Steps - chrome driver executable path set up
[INFO ] 2023-10-02 04:27:01.447 [main] Steps - Chrome browser launched
[INFO ] 2023-10-02 04:27:01.638 [main] Steps - email adress added
[INFO ] 2023-10-02 04:27:01.784 [main] Steps - password entered
[INFO ] 2023-10-02 04:27:08.883 [main] Steps - Clicked on login
[INFO ] 2023-10-02 04:27:08.887 [main] Steps - Dashboard page opened
[INFO ] 2023-10-02 04:27:10.119 [main] Steps - chrome driver executable path set up
[INFO ] 2023-10-02 04:27:13.473 [main] Steps - Chrome browser launched
[INFO ] 2023-10-02 04:27:13.674 [main] Steps - email adress added
[INFO ] 2023-10-02 04:27:13.812 [main] Steps - password entered
[INFO ] 2023-10-02 04:27:17.993 [main] Steps - Clicked on login
[INFO ] 2023-10-02 04:27:17.996 [main] Steps - Dashboard page opened
[INFO ] 2023-10-02 04:27:19.238 [main] Steps - chrome driver executable path set up
[INFO ] 2023-10-02 04:27:23.232 [main] Steps - Chrome browser launched
[INFO ] 2023-10-02 04:27:23.428 [main] Steps - email adress added
[INFO ] 2023-10-02 04:27:23.571 [main] Steps - password entered
[INFO ] 2023-10-02 04:27:29.887 [main] Steps - Clicked on login
[INFO ] 2023-10-02 04:27:29.891 [main] Steps - Dashboard page opened
[INFO ] 2023-10-02 04:27:31.790 [main] Steps - chrome driver executable path set up
[INFO ] 2023-10-02 04:27:36.597 [main] Steps - Chrome browser launched
[INFO ] 2023-10-02 04:27:36.828 [main] Steps - email adress added
[INFO ] 2023-10-02 04:27:37.011 [main] Steps - password entered
[INFO ] 2023-10-02 04:27:42.348 [main] Steps - Clicked on login
[INFO ] 2023-10-02 04:27:42.427 [main] Steps - Login failed: page title not matched
[INFO ] 2023-10-02 04:27:42.450 [main] Steps - clicked on logout link
[INFO ] 2023-10-02 04:27:49.078 [main] Steps - Login failed: page title not matched
[INFO ] 2023-10-02 04:27:49.099 [main] Steps - Closing browser
